<?xml version="1.0" encoding="UTF-8"?>
<testng-results ignored="0" total="1" passed="1" failed="0" skipped="0">
  <reporter-output>
  </reporter-output>
  <suite started-at="2022-12-04T23:15:16 EST" name="Default suite" finished-at="2022-12-04T23:15:28 EST" duration-ms="11967">
    <groups>
    </groups>
    <test started-at="2022-12-04T23:15:16 EST" name="Default test" finished-at="2022-12-04T23:15:28 EST" duration-ms="11967">
      <class name="test2.Class2">
        <test-method signature="Alert()[pri:0, instance:test2.Class2@bae7dc0]" started-at="2022-12-04T23:15:16 EST" name="Alert" finished-at="2022-12-04T23:15:28 EST" duration-ms="11936" status="PASS">
          <reporter-output>
          </reporter-output>
        </test-method> <!-- Alert -->
      </class> <!-- test2.Class2 -->
    </test> <!-- Default test -->
  </suite> <!-- Default suite -->
</testng-results>
